TN:
SF:twitter.js
FN:10,getTweets
FN:33,processTweets
FNF:2
FNH:2
FNDA:1,getTweets
FNDA:1,processTweets
DA:1,1
DA:2,1
DA:3,1
DA:4,1
DA:5,1
DA:6,1
DA:7,1
DA:8,1
DA:9,1
DA:10,1
DA:11,1
DA:12,1
DA:13,1
DA:14,1
DA:15,1
DA:16,1
DA:17,1
DA:18,0
DA:19,0
DA:20,0
DA:21,0
DA:22,0
DA:23,0
DA:24,1
DA:25,1
DA:26,1
DA:27,1
DA:28,1
DA:29,1
DA:30,1
DA:31,1
DA:32,1
DA:33,1
DA:34,1
DA:35,5
DA:36,5
DA:37,5
DA:38,5
DA:39,5
DA:40,5
DA:41,1
DA:42,1
DA:43,1
DA:44,1
DA:45,1
LF:45
LH:39
BRDA:10,0,0,1
BRDA:11,1,0,1
BRDA:16,2,0,1
BRDA:17,3,0,0
BRDA:33,4,0,1
BRDA:34,5,0,5
BRF:6
BRH:5
end_of_record
